  BaseObject.cpp
F:\Code visual studio 2020\Project_SDLgame\Test_SDL\SDL_Game_Plane\SDL_Game_Plane\Common_Function.h(5,9): error C1083: Cannot open include file: 'SDL.h': No such file or directory
  (compiling source file 'BaseObject.cpp')
  
  BulletObject.cpp
F:\Code visual studio 2020\Project_SDLgame\Test_SDL\SDL_Game_Plane\SDL_Game_Plane\Common_Function.h(5,9): error C1083: Cannot open include file: 'SDL.h': No such file or directory
  (compiling source file 'BulletObject.cpp')
  
  Common_Function.cpp
F:\Code visual studio 2020\Project_SDLgame\Test_SDL\SDL_Game_Plane\SDL_Game_Plane\Common_Function.h(5,9): error C1083: Cannot open include file: 'SDL.h': No such file or directory
  (compiling source file 'Common_Function.cpp')
  
  ExplosionObject.cpp
F:\Code visual studio 2020\Project_SDLgame\Test_SDL\SDL_Game_Plane\SDL_Game_Plane\Common_Function.h(5,9): error C1083: Cannot open include file: 'SDL.h': No such file or directory
  (compiling source file 'ExplosionObject.cpp')
  
  main.cpp
F:\Code visual studio 2020\Project_SDLgame\Test_SDL\SDL_Game_Plane\SDL_Game_Plane\Common_Function.h(5,9): error C1083: Cannot open include file: 'SDL.h': No such file or directory
  (compiling source file 'main.cpp')
  
  MainObject.cpp
F:\Code visual studio 2020\Project_SDLgame\Test_SDL\SDL_Game_Plane\SDL_Game_Plane\Common_Function.h(5,9): error C1083: Cannot open include file: 'SDL.h': No such file or directory
  (compiling source file 'MainObject.cpp')
  
  ThreatsObject.cpp
F:\Code visual studio 2020\Project_SDLgame\Test_SDL\SDL_Game_Plane\SDL_Game_Plane\Common_Function.h(5,9): error C1083: Cannot open include file: 'SDL.h': No such file or directory
  (compiling source file 'ThreatsObject.cpp')
  
  Generating Code...
